<?xml version="1.0" encoding="UTF-8"?>
<coverage generated="1635949958368" clover="3.2.0">
  <project timestamp="1635949958369" name="All files">
    <metrics statements="13" coveredstatements="13" conditionals="0" coveredconditionals="0" methods="6" coveredmethods="6" elements="19" coveredelements="19" complexity="0" loc="13" ncloc="13" packages="1" files="3" classes="3"/>
    <file name="addItem.js" path="C:\Users\PC1\Desktop\To-Do-List-Mine\src\_mocks_\addItem.js">
      <metrics statements="3" coveredstatements="3" conditionals="0" coveredconditionals="0" methods="1" coveredmethods="1"/>
      <line num="4" count="2" type="stmt"/>
      <line num="9" count="2" type="stmt"/>
      <line num="10" count="2" type="stmt"/>
    </file>
    <file name="deleteItem.js" path="C:\Users\PC1\Desktop\To-Do-List-Mine\src\_mocks_\deleteItem.js">
      <metrics statements="6" coveredstatements="6" conditionals="0" coveredconditionals="0" methods="3" coveredmethods="3"/>
      <line num="4" count="1" type="stmt"/>
      <line num="5" count="3" type="stmt"/>
      <line num="6" count="1" type="stmt"/>
      <line num="7" count="3" type="stmt"/>
      <line num="9" count="1" type="stmt"/>
      <line num="10" count="1" type="stmt"/>
    </file>
    <file name="localStorage.js" path="C:\Users\PC1\Desktop\To-Do-List-Mine\src\_mocks_\localStorage.js">
      <metrics statements="4" coveredstatements="4" conditionals="0" coveredconditionals="0" methods="2" coveredmethods="2"/>
      <line num="1" count="2" type="stmt"/>
      <line num="3" count="2" type="stmt"/>
      <line num="4" count="1" type="stmt"/>
      <line num="6" count="3" type="stmt"/>
    </file>
  </project>
</coverage>
