TN:
SF:src\_mocks_\addItem.js
FN:3,addTask
FNF:1
FNH:1
FNDA:2,addTask
DA:4,2
DA:9,2
DA:10,2
LF:3
LH:3
BRF:0
BRH:0
end_of_record
TN:
SF:src\_mocks_\deleteItem.js
FN:3,deleteTask
FN:5,(anonymous_1)
FN:6,(anonymous_2)
FNF:3
FNH:3
FNDA:1,deleteTask
FNDA:3,(anonymous_1)
FNDA:3,(anonymous_2)
DA:4,1
DA:5,3
DA:6,1
DA:7,3
DA:9,1
DA:10,1
LF:6
LH:6
BRF:0
BRH:0
end_of_record
TN:
SF:src\_mocks_\localStorage.js
FN:4,(anonymous_0)
FN:5,(anonymous_1)
FNF:2
FNH:2
FNDA:1,(anonymous_0)
FNDA:3,(anonymous_1)
DA:1,2
DA:3,2
DA:4,1
DA:6,3
LF:4
LH:4
BRF:0
BRH:0
end_of_record
